<?xml version="1.0" encoding="UTF-8"?>
<!-- Generated by org.testng.reporters.JUnitXMLReporter -->
<testsuite ignored="0" hostname="Chayan" failures="0" tests="3" name="Surefire test" time="13.665" errors="0" timestamp="2026-03-07T00:25:16 IST">
  <testcase classname="tests.ui.ConfigTest" name="validateConfigLoad" time="0.156"/>
  <testcase classname="tests.ui.ParallelTest" name="testOne" time="0.0"/>
  <testcase classname="tests.ui.ParallelTest" name="testTwo" time="0.003"/>
</testsuite> <!-- Surefire test -->
