<?xml version="1.0" encoding="UTF-8"?>
<testng-results ignored="0" total="3" passed="3" failed="0" skipped="0">
  <reporter-output>
  </reporter-output>
  <suite started-at="2026-03-07T00:25:03 IST" name="Surefire suite" finished-at="2026-03-07T00:25:16 IST" duration-ms="13665">
    <groups>
    </groups>
    <test started-at="2026-03-07T00:25:03 IST" name="Surefire test" finished-at="2026-03-07T00:25:16 IST" duration-ms="13665">
      <class name="tests.ui.ParallelTest">
        <test-method is-config="true" signature="setup()[pri:0, instance:tests.ui.ParallelTest@201a4587]" started-at="2026-03-07T00:25:03 IST" name="setup" finished-at="2026-03-07T00:25:14 IST" duration-ms="11144" status="PASS">
          <reporter-output>
          </reporter-output>
        </test-method> <!-- setup -->
        <test-method signature="testOne()[pri:0, instance:tests.ui.ParallelTest@201a4587]" started-at="2026-03-07T00:25:14 IST" name="testOne" finished-at="2026-03-07T00:25:14 IST" duration-ms="0" status="PASS">
          <reporter-output>
          </reporter-output>
        </test-method> <!-- testOne -->
        <test-method is-config="true" signature="tearDown()[pri:0, instance:tests.ui.ParallelTest@201a4587]" started-at="2026-03-07T00:25:14 IST" name="tearDown" finished-at="2026-03-07T00:25:15 IST" duration-ms="206" status="PASS">
          <reporter-output>
          </reporter-output>
        </test-method> <!-- tearDown -->
        <test-method is-config="true" signature="setup()[pri:0, instance:tests.ui.ParallelTest@201a4587]" started-at="2026-03-07T00:25:15 IST" name="setup" finished-at="2026-03-07T00:25:16 IST" duration-ms="1634" status="PASS">
          <reporter-output>
          </reporter-output>
        </test-method> <!-- setup -->
        <test-method signature="testTwo()[pri:0, instance:tests.ui.ParallelTest@201a4587]" started-at="2026-03-07T00:25:16 IST" name="testTwo" finished-at="2026-03-07T00:25:16 IST" duration-ms="3" status="PASS">
          <reporter-output>
          </reporter-output>
        </test-method> <!-- testTwo -->
        <test-method is-config="true" signature="tearDown()[pri:0, instance:tests.ui.ParallelTest@201a4587]" started-at="2026-03-07T00:25:16 IST" name="tearDown" finished-at="2026-03-07T00:25:16 IST" duration-ms="181" status="PASS">
          <reporter-output>
          </reporter-output>
        </test-method> <!-- tearDown -->
      </class> <!-- tests.ui.ParallelTest -->
      <class name="tests.ui.ConfigTest">
        <test-method signature="validateConfigLoad()[pri:0, instance:tests.ui.ConfigTest@47e2e487]" started-at="2026-03-07T00:25:03 IST" name="validateConfigLoad" finished-at="2026-03-07T00:25:03 IST" duration-ms="156" status="PASS">
          <reporter-output>
          </reporter-output>
        </test-method> <!-- validateConfigLoad -->
      </class> <!-- tests.ui.ConfigTest -->
    </test> <!-- Surefire test -->
  </suite> <!-- Surefire suite -->
</testng-results>
